ERROR - 2024-05-08 03:54:27 --> mysqli_sql_exception: Table 'webcoaching.schedules' doesn't exist in C:\xampp\htdocs\WebCoaching\vendor\codeigniter4\framework\system\Database\MySQLi\Connection.php:308
Stack trace:
#0 C:\xampp\htdocs\WebCoaching\vendor\codeigniter4\framework\system\Database\MySQLi\Connection.php(308): mysqli->query('INSERT INTO `sc...', 0)
#1 C:\xampp\htdocs\WebCoaching\vendor\codeigniter4\framework\system\Database\BaseConnection.php(722): CodeIgniter\Database\MySQLi\Connection->execute('INSERT INTO `sc...')
#2 C:\xampp\htdocs\WebCoaching\vendor\codeigniter4\framework\system\Database\BaseConnection.php(636): CodeIgniter\Database\BaseConnection->simpleQuery('INSERT INTO `sc...')
#3 C:\xampp\htdocs\WebCoaching\vendor\codeigniter4\framework\system\Database\BaseBuilder.php(2325): CodeIgniter\Database\BaseConnection->query('INSERT INTO `sc...', Array, false)
#4 C:\xampp\htdocs\WebCoaching\vendor\codeigniter4\framework\system\Model.php(383): CodeIgniter\Database\BaseBuilder->insert()
#5 C:\xampp\htdocs\WebCoaching\vendor\codeigniter4\framework\system\BaseModel.php(840): CodeIgniter\Model->doInsert(Array)
#6 C:\xampp\htdocs\WebCoaching\vendor\codeigniter4\framework\system\Model.php(791): CodeIgniter\BaseModel->insert(Array, true)
#7 C:\xampp\htdocs\WebCoaching\app\Controllers\Coaching.php(13): CodeIgniter\Model->insert(Array)
#8 C:\xampp\htdocs\WebCoaching\vendor\codeigniter4\framework\system\CodeIgniter.php(933): App\Controllers\Coaching->create()
#9 C:\xampp\htdocs\WebCoaching\vendor\codeigniter4\framework\system\CodeIgniter.php(509): CodeIgniter\CodeIgniter->runController(Object(App\Controllers\Coaching))
#10 C:\xampp\htdocs\WebCoaching\vendor\codeigniter4\framework\system\CodeIgniter.php(355): CodeIgniter\CodeIgniter->handleRequest(NULL, Object(Config\Cache), false)
#11 C:\xampp\htdocs\WebCoaching\vendor\codeigniter4\framework\system\Boot.php(312): CodeIgniter\CodeIgniter->run()
#12 C:\xampp\htdocs\WebCoaching\vendor\codeigniter4\framework\system\Boot.php(67): CodeIgniter\Boot::runCodeIgniter(Object(CodeIgniter\CodeIgniter))
#13 C:\xampp\htdocs\WebCoaching\public\index.php(56): CodeIgniter\Boot::bootWeb(Object(Config\Paths))
#14 C:\xampp\htdocs\WebCoaching\vendor\codeigniter4\framework\system\Commands\Server\rewrite.php(49): require_once('C:\\xampp\\htdocs...')
#15 {main}
CRITICAL - 2024-05-08 03:54:27 --> CodeIgniter\Database\Exceptions\DatabaseException: Table 'webcoaching.schedules' doesn't exist
[Method: POST, Route: addschedule]
in SYSTEMPATH\Database\BaseConnection.php on line 676.
 1 SYSTEMPATH\Database\BaseBuilder.php(2325): CodeIgniter\Database\BaseConnection->query('INSERT INTO `schedules` (`nama`, `email`, `jam`, `tanggal`, `nama_coach`, `keterangan_coach`) VALUES (:nama:, :email:, :jam:, :tanggal:, :nama_coach:, :keterangan_coach:)', [...], false)
 2 SYSTEMPATH\Model.php(383): CodeIgniter\Database\BaseBuilder->insert()
 3 SYSTEMPATH\BaseModel.php(840): CodeIgniter\Model->doInsert([...])
 4 SYSTEMPATH\Model.php(791): CodeIgniter\BaseModel->insert([...], true)
 5 APPPATH\Controllers\Coaching.php(13): CodeIgniter\Model->insert([...])
 6 SYSTEMPATH\CodeIgniter.php(933): App\Controllers\Coaching->create()
 7 SYSTEMPATH\CodeIgniter.php(509): CodeIgniter\CodeIgniter->runController(Object(App\Controllers\Coaching))
 8 SYSTEMPATH\CodeIgniter.php(355): CodeIgniter\CodeIgniter->handleRequest(null, Object(Config\Cache), false)
 9 SYSTEMPATH\Boot.php(312): CodeIgniter\CodeIgniter->run()
10 SYSTEMPATH\Boot.php(67): CodeIgniter\Boot::runCodeIgniter(Object(CodeIgniter\CodeIgniter))
11 FCPATH\index.php(56): CodeIgniter\Boot::bootWeb(Object(Config\Paths))
12 SYSTEMPATH\Commands\Server\rewrite.php(49): require_once('C:\\xampp\\htdocs\\WebCoaching\\public\\index.php')
CRITICAL - 2024-05-08 03:54:27 --> [Caused by] CodeIgniter\Database\Exceptions\DatabaseException: Table 'webcoaching.schedules' doesn't exist
in SYSTEMPATH\Database\MySQLi\Connection.php on line 313.
 1 SYSTEMPATH\Database\BaseConnection.php(722): CodeIgniter\Database\MySQLi\Connection->execute('INSERT INTO `schedules` (`nama`, `email`, `jam`, `tanggal`, `nama_coach`, `keterangan_coach`) VALUES (\'Krisna udayana\', \'krisna@1.com\', \'19:30\', \'2024-07-22\', \'coach1\', \'Belajar Map\')')
 2 SYSTEMPATH\Database\BaseConnection.php(636): CodeIgniter\Database\BaseConnection->simpleQuery('INSERT INTO `schedules` (`nama`, `email`, `jam`, `tanggal`, `nama_coach`, `keterangan_coach`) VALUES (\'Krisna udayana\', \'krisna@1.com\', \'19:30\', \'2024-07-22\', \'coach1\', \'Belajar Map\')')
 3 SYSTEMPATH\Database\BaseBuilder.php(2325): CodeIgniter\Database\BaseConnection->query('INSERT INTO `schedules` (`nama`, `email`, `jam`, `tanggal`, `nama_coach`, `keterangan_coach`) VALUES (:nama:, :email:, :jam:, :tanggal:, :nama_coach:, :keterangan_coach:)', [...], false)
 4 SYSTEMPATH\Model.php(383): CodeIgniter\Database\BaseBuilder->insert()
 5 SYSTEMPATH\BaseModel.php(840): CodeIgniter\Model->doInsert([...])
 6 SYSTEMPATH\Model.php(791): CodeIgniter\BaseModel->insert([...], true)
 7 APPPATH\Controllers\Coaching.php(13): CodeIgniter\Model->insert([...])
 8 SYSTEMPATH\CodeIgniter.php(933): App\Controllers\Coaching->create()
 9 SYSTEMPATH\CodeIgniter.php(509): CodeIgniter\CodeIgniter->runController(Object(App\Controllers\Coaching))
10 SYSTEMPATH\CodeIgniter.php(355): CodeIgniter\CodeIgniter->handleRequest(null, Object(Config\Cache), false)
11 SYSTEMPATH\Boot.php(312): CodeIgniter\CodeIgniter->run()
12 SYSTEMPATH\Boot.php(67): CodeIgniter\Boot::runCodeIgniter(Object(CodeIgniter\CodeIgniter))
13 FCPATH\index.php(56): CodeIgniter\Boot::bootWeb(Object(Config\Paths))
14 SYSTEMPATH\Commands\Server\rewrite.php(49): require_once('C:\\xampp\\htdocs\\WebCoaching\\public\\index.php')
CRITICAL - 2024-05-08 03:54:27 --> [Caused by] mysqli_sql_exception: Table 'webcoaching.schedules' doesn't exist
in SYSTEMPATH\Database\MySQLi\Connection.php on line 308.
 1 SYSTEMPATH\Database\MySQLi\Connection.php(308): mysqli->query('INSERT INTO `schedules` (`nama`, `email`, `jam`, `tanggal`, `nama_coach`, `keterangan_coach`) VALUES (\'Krisna udayana\', \'krisna@1.com\', \'19:30\', \'2024-07-22\', \'coach1\', \'Belajar Map\')', 0)
 2 SYSTEMPATH\Database\BaseConnection.php(722): CodeIgniter\Database\MySQLi\Connection->execute('INSERT INTO `schedules` (`nama`, `email`, `jam`, `tanggal`, `nama_coach`, `keterangan_coach`) VALUES (\'Krisna udayana\', \'krisna@1.com\', \'19:30\', \'2024-07-22\', \'coach1\', \'Belajar Map\')')
 3 SYSTEMPATH\Database\BaseConnection.php(636): CodeIgniter\Database\BaseConnection->simpleQuery('INSERT INTO `schedules` (`nama`, `email`, `jam`, `tanggal`, `nama_coach`, `keterangan_coach`) VALUES (\'Krisna udayana\', \'krisna@1.com\', \'19:30\', \'2024-07-22\', \'coach1\', \'Belajar Map\')')
 4 SYSTEMPATH\Database\BaseBuilder.php(2325): CodeIgniter\Database\BaseConnection->query('INSERT INTO `schedules` (`nama`, `email`, `jam`, `tanggal`, `nama_coach`, `keterangan_coach`) VALUES (:nama:, :email:, :jam:, :tanggal:, :nama_coach:, :keterangan_coach:)', [...], false)
 5 SYSTEMPATH\Model.php(383): CodeIgniter\Database\BaseBuilder->insert()
 6 SYSTEMPATH\BaseModel.php(840): CodeIgniter\Model->doInsert([...])
 7 SYSTEMPATH\Model.php(791): CodeIgniter\BaseModel->insert([...], true)
 8 APPPATH\Controllers\Coaching.php(13): CodeIgniter\Model->insert([...])
 9 SYSTEMPATH\CodeIgniter.php(933): App\Controllers\Coaching->create()
10 SYSTEMPATH\CodeIgniter.php(509): CodeIgniter\CodeIgniter->runController(Object(App\Controllers\Coaching))
11 SYSTEMPATH\CodeIgniter.php(355): CodeIgniter\CodeIgniter->handleRequest(null, Object(Config\Cache), false)
12 SYSTEMPATH\Boot.php(312): CodeIgniter\CodeIgniter->run()
13 SYSTEMPATH\Boot.php(67): CodeIgniter\Boot::runCodeIgniter(Object(CodeIgniter\CodeIgniter))
14 FCPATH\index.php(56): CodeIgniter\Boot::bootWeb(Object(Config\Paths))
15 SYSTEMPATH\Commands\Server\rewrite.php(49): require_once('C:\\xampp\\htdocs\\WebCoaching\\public\\index.php')
CRITICAL - 2024-05-08 04:03:38 --> ErrorException: Undefined variable $schedule
[Method: POST, Route: addschedule]
in APPPATH\Views\static\coaching.php on line 33.
 1 APPPATH\Views\static\coaching.php(33): CodeIgniter\Debug\Exceptions->errorHandler(2, 'Undefined variable $schedule', 'C:\\xampp\\htdocs\\WebCoaching\\app\\Views\\static\\coaching.php', 33)
 2 SYSTEMPATH\View\View.php(234): include('C:\\xampp\\htdocs\\WebCoaching\\app\\Views\\static\\coaching.php')
 3 SYSTEMPATH\View\View.php(237): CodeIgniter\View\View->CodeIgniter\View\{closure}()
 4 SYSTEMPATH\Common.php(1171): CodeIgniter\View\View->render('static/coaching', [], true)
 5 APPPATH\Controllers\Coaching.php(33): view('static/coaching', [...])
 6 SYSTEMPATH\CodeIgniter.php(933): App\Controllers\Coaching->create()
 7 SYSTEMPATH\CodeIgniter.php(509): CodeIgniter\CodeIgniter->runController(Object(App\Controllers\Coaching))
 8 SYSTEMPATH\CodeIgniter.php(355): CodeIgniter\CodeIgniter->handleRequest(null, Object(Config\Cache), false)
 9 SYSTEMPATH\Boot.php(312): CodeIgniter\CodeIgniter->run()
10 SYSTEMPATH\Boot.php(67): CodeIgniter\Boot::runCodeIgniter(Object(CodeIgniter\CodeIgniter))
11 FCPATH\index.php(56): CodeIgniter\Boot::bootWeb(Object(Config\Paths))
12 SYSTEMPATH\Commands\Server\rewrite.php(49): require_once('C:\\xampp\\htdocs\\WebCoaching\\public\\index.php')
CRITICAL - 2024-05-08 04:07:30 --> ErrorException: Undefined variable $schedules
[Method: POST, Route: addschedule]
in APPPATH\Views\static\coaching.php on line 33.
 1 APPPATH\Views\static\coaching.php(33): CodeIgniter\Debug\Exceptions->errorHandler(2, 'Undefined variable $schedules', 'C:\\xampp\\htdocs\\WebCoaching\\app\\Views\\static\\coaching.php', 33)
 2 SYSTEMPATH\View\View.php(234): include('C:\\xampp\\htdocs\\WebCoaching\\app\\Views\\static\\coaching.php')
 3 SYSTEMPATH\View\View.php(237): CodeIgniter\View\View->CodeIgniter\View\{closure}()
 4 SYSTEMPATH\Common.php(1171): CodeIgniter\View\View->render('static/coaching', [], true)
 5 APPPATH\Controllers\Coaching.php(33): view('static/coaching', [...])
 6 SYSTEMPATH\CodeIgniter.php(933): App\Controllers\Coaching->create()
 7 SYSTEMPATH\CodeIgniter.php(509): CodeIgniter\CodeIgniter->runController(Object(App\Controllers\Coaching))
 8 SYSTEMPATH\CodeIgniter.php(355): CodeIgniter\CodeIgniter->handleRequest(null, Object(Config\Cache), false)
 9 SYSTEMPATH\Boot.php(312): CodeIgniter\CodeIgniter->run()
10 SYSTEMPATH\Boot.php(67): CodeIgniter\Boot::runCodeIgniter(Object(CodeIgniter\CodeIgniter))
11 FCPATH\index.php(56): CodeIgniter\Boot::bootWeb(Object(Config\Paths))
12 SYSTEMPATH\Commands\Server\rewrite.php(49): require_once('C:\\xampp\\htdocs\\WebCoaching\\public\\index.php')
CRITICAL - 2024-05-08 04:10:39 --> ErrorException: Undefined variable $coachings
[Method: POST, Route: addschedule]
in APPPATH\Views\static\coaching.php on line 33.
 1 APPPATH\Views\static\coaching.php(33): CodeIgniter\Debug\Exceptions->errorHandler(2, 'Undefined variable $coachings', 'C:\\xampp\\htdocs\\WebCoaching\\app\\Views\\static\\coaching.php', 33)
 2 SYSTEMPATH\View\View.php(234): include('C:\\xampp\\htdocs\\WebCoaching\\app\\Views\\static\\coaching.php')
 3 SYSTEMPATH\View\View.php(237): CodeIgniter\View\View->CodeIgniter\View\{closure}()
 4 SYSTEMPATH\Common.php(1171): CodeIgniter\View\View->render('static/coaching', [], true)
 5 APPPATH\Controllers\Coaching.php(33): view('static/coaching', [...])
 6 SYSTEMPATH\CodeIgniter.php(933): App\Controllers\Coaching->create()
 7 SYSTEMPATH\CodeIgniter.php(509): CodeIgniter\CodeIgniter->runController(Object(App\Controllers\Coaching))
 8 SYSTEMPATH\CodeIgniter.php(355): CodeIgniter\CodeIgniter->handleRequest(null, Object(Config\Cache), false)
 9 SYSTEMPATH\Boot.php(312): CodeIgniter\CodeIgniter->run()
10 SYSTEMPATH\Boot.php(67): CodeIgniter\Boot::runCodeIgniter(Object(CodeIgniter\CodeIgniter))
11 FCPATH\index.php(56): CodeIgniter\Boot::bootWeb(Object(Config\Paths))
12 SYSTEMPATH\Commands\Server\rewrite.php(49): require_once('C:\\xampp\\htdocs\\WebCoaching\\public\\index.php')
CRITICAL - 2024-05-08 04:11:12 --> ErrorException: Undefined variable $coaching
[Method: POST, Route: addschedule]
in APPPATH\Views\static\coaching.php on line 33.
 1 APPPATH\Views\static\coaching.php(33): CodeIgniter\Debug\Exceptions->errorHandler(2, 'Undefined variable $coaching', 'C:\\xampp\\htdocs\\WebCoaching\\app\\Views\\static\\coaching.php', 33)
 2 SYSTEMPATH\View\View.php(234): include('C:\\xampp\\htdocs\\WebCoaching\\app\\Views\\static\\coaching.php')
 3 SYSTEMPATH\View\View.php(237): CodeIgniter\View\View->CodeIgniter\View\{closure}()
 4 SYSTEMPATH\Common.php(1171): CodeIgniter\View\View->render('static/coaching', [], true)
 5 APPPATH\Controllers\Coaching.php(33): view('static/coaching', [...])
 6 SYSTEMPATH\CodeIgniter.php(933): App\Controllers\Coaching->create()
 7 SYSTEMPATH\CodeIgniter.php(509): CodeIgniter\CodeIgniter->runController(Object(App\Controllers\Coaching))
 8 SYSTEMPATH\CodeIgniter.php(355): CodeIgniter\CodeIgniter->handleRequest(null, Object(Config\Cache), false)
 9 SYSTEMPATH\Boot.php(312): CodeIgniter\CodeIgniter->run()
10 SYSTEMPATH\Boot.php(67): CodeIgniter\Boot::runCodeIgniter(Object(CodeIgniter\CodeIgniter))
11 FCPATH\index.php(56): CodeIgniter\Boot::bootWeb(Object(Config\Paths))
12 SYSTEMPATH\Commands\Server\rewrite.php(49): require_once('C:\\xampp\\htdocs\\WebCoaching\\public\\index.php')
CRITICAL - 2024-05-08 04:13:06 --> ErrorException: Undefined variable $schedule
[Method: POST, Route: addschedule]
in APPPATH\Views\static\coaching.php on line 33.
 1 APPPATH\Views\static\coaching.php(33): CodeIgniter\Debug\Exceptions->errorHandler(2, 'Undefined variable $schedule', 'C:\\xampp\\htdocs\\WebCoaching\\app\\Views\\static\\coaching.php', 33)
 2 SYSTEMPATH\View\View.php(234): include('C:\\xampp\\htdocs\\WebCoaching\\app\\Views\\static\\coaching.php')
 3 SYSTEMPATH\View\View.php(237): CodeIgniter\View\View->CodeIgniter\View\{closure}()
 4 SYSTEMPATH\Common.php(1171): CodeIgniter\View\View->render('static/coaching', [], true)
 5 APPPATH\Controllers\Coaching.php(33): view('static/coaching', [...])
 6 SYSTEMPATH\CodeIgniter.php(933): App\Controllers\Coaching->create()
 7 SYSTEMPATH\CodeIgniter.php(509): CodeIgniter\CodeIgniter->runController(Object(App\Controllers\Coaching))
 8 SYSTEMPATH\CodeIgniter.php(355): CodeIgniter\CodeIgniter->handleRequest(null, Object(Config\Cache), false)
 9 SYSTEMPATH\Boot.php(312): CodeIgniter\CodeIgniter->run()
10 SYSTEMPATH\Boot.php(67): CodeIgniter\Boot::runCodeIgniter(Object(CodeIgniter\CodeIgniter))
11 FCPATH\index.php(56): CodeIgniter\Boot::bootWeb(Object(Config\Paths))
12 SYSTEMPATH\Commands\Server\rewrite.php(49): require_once('C:\\xampp\\htdocs\\WebCoaching\\public\\index.php')
CRITICAL - 2024-05-08 04:14:36 --> ErrorException: Undefined variable $schedule
[Method: POST, Route: addschedule]
in APPPATH\Views\static\coaching.php on line 33.
 1 APPPATH\Views\static\coaching.php(33): CodeIgniter\Debug\Exceptions->errorHandler(2, 'Undefined variable $schedule', 'C:\\xampp\\htdocs\\WebCoaching\\app\\Views\\static\\coaching.php', 33)
 2 SYSTEMPATH\View\View.php(234): include('C:\\xampp\\htdocs\\WebCoaching\\app\\Views\\static\\coaching.php')
 3 SYSTEMPATH\View\View.php(237): CodeIgniter\View\View->CodeIgniter\View\{closure}()
 4 SYSTEMPATH\Common.php(1171): CodeIgniter\View\View->render('static/coaching', [], true)
 5 APPPATH\Controllers\Coaching.php(33): view('static/coaching', [...])
 6 SYSTEMPATH\CodeIgniter.php(933): App\Controllers\Coaching->create()
 7 SYSTEMPATH\CodeIgniter.php(509): CodeIgniter\CodeIgniter->runController(Object(App\Controllers\Coaching))
 8 SYSTEMPATH\CodeIgniter.php(355): CodeIgniter\CodeIgniter->handleRequest(null, Object(Config\Cache), false)
 9 SYSTEMPATH\Boot.php(312): CodeIgniter\CodeIgniter->run()
10 SYSTEMPATH\Boot.php(67): CodeIgniter\Boot::runCodeIgniter(Object(CodeIgniter\CodeIgniter))
11 FCPATH\index.php(56): CodeIgniter\Boot::bootWeb(Object(Config\Paths))
12 SYSTEMPATH\Commands\Server\rewrite.php(49): require_once('C:\\xampp\\htdocs\\WebCoaching\\public\\index.php')
CRITICAL - 2024-05-08 04:16:07 --> ErrorException: Undefined variable $schedule
[Method: POST, Route: addschedule]
in APPPATH\Views\static\coaching.php on line 35.
 1 APPPATH\Views\static\coaching.php(35): CodeIgniter\Debug\Exceptions->errorHandler(2, 'Undefined variable $schedule', 'C:\\xampp\\htdocs\\WebCoaching\\app\\Views\\static\\coaching.php', 35)
 2 SYSTEMPATH\View\View.php(234): include('C:\\xampp\\htdocs\\WebCoaching\\app\\Views\\static\\coaching.php')
 3 SYSTEMPATH\View\View.php(237): CodeIgniter\View\View->CodeIgniter\View\{closure}()
 4 SYSTEMPATH\Common.php(1171): CodeIgniter\View\View->render('static/coaching', [], true)
 5 APPPATH\Controllers\Coaching.php(33): view('static/coaching', [...])
 6 SYSTEMPATH\CodeIgniter.php(933): App\Controllers\Coaching->create()
 7 SYSTEMPATH\CodeIgniter.php(509): CodeIgniter\CodeIgniter->runController(Object(App\Controllers\Coaching))
 8 SYSTEMPATH\CodeIgniter.php(355): CodeIgniter\CodeIgniter->handleRequest(null, Object(Config\Cache), false)
 9 SYSTEMPATH\Boot.php(312): CodeIgniter\CodeIgniter->run()
10 SYSTEMPATH\Boot.php(67): CodeIgniter\Boot::runCodeIgniter(Object(CodeIgniter\CodeIgniter))
11 FCPATH\index.php(56): CodeIgniter\Boot::bootWeb(Object(Config\Paths))
12 SYSTEMPATH\Commands\Server\rewrite.php(49): require_once('C:\\xampp\\htdocs\\WebCoaching\\public\\index.php')
CRITICAL - 2024-05-08 04:17:21 --> ErrorException: Undefined variable $coaching
[Method: POST, Route: addschedule]
in APPPATH\Views\static\coaching.php on line 35.
 1 APPPATH\Views\static\coaching.php(35): CodeIgniter\Debug\Exceptions->errorHandler(2, 'Undefined variable $coaching', 'C:\\xampp\\htdocs\\WebCoaching\\app\\Views\\static\\coaching.php', 35)
 2 SYSTEMPATH\View\View.php(234): include('C:\\xampp\\htdocs\\WebCoaching\\app\\Views\\static\\coaching.php')
 3 SYSTEMPATH\View\View.php(237): CodeIgniter\View\View->CodeIgniter\View\{closure}()
 4 SYSTEMPATH\Common.php(1171): CodeIgniter\View\View->render('static/coaching', [], true)
 5 APPPATH\Controllers\Coaching.php(33): view('static/coaching', [...])
 6 SYSTEMPATH\CodeIgniter.php(933): App\Controllers\Coaching->create()
 7 SYSTEMPATH\CodeIgniter.php(509): CodeIgniter\CodeIgniter->runController(Object(App\Controllers\Coaching))
 8 SYSTEMPATH\CodeIgniter.php(355): CodeIgniter\CodeIgniter->handleRequest(null, Object(Config\Cache), false)
 9 SYSTEMPATH\Boot.php(312): CodeIgniter\CodeIgniter->run()
10 SYSTEMPATH\Boot.php(67): CodeIgniter\Boot::runCodeIgniter(Object(CodeIgniter\CodeIgniter))
11 FCPATH\index.php(56): CodeIgniter\Boot::bootWeb(Object(Config\Paths))
12 SYSTEMPATH\Commands\Server\rewrite.php(49): require_once('C:\\xampp\\htdocs\\WebCoaching\\public\\index.php')
CRITICAL - 2024-05-08 04:22:26 --> ParseError: syntax error, unexpected variable "$data"
[Method: POST, Route: addschedule]
in APPPATH\Controllers\Coaching.php on line 15.
 1 VENDORPATH\composer\ClassLoader.php(427): Composer\Autoload\{closure}('C:\\xampp\\htdocs\\WebCoaching\\vendor\\composer/../../app\\Controllers\\Coaching.php')
 2 [internal function]: Composer\Autoload\ClassLoader->loadClass('App\\Controllers\\Coaching')
 3 SYSTEMPATH\CodeIgniter.php(887): class_exists('\\App\\Controllers\\Coaching', true)
 4 SYSTEMPATH\CodeIgniter.php(496): CodeIgniter\CodeIgniter->startController()
 5 SYSTEMPATH\CodeIgniter.php(355): CodeIgniter\CodeIgniter->handleRequest(null, Object(Config\Cache), false)
 6 SYSTEMPATH\Boot.php(312): CodeIgniter\CodeIgniter->run()
 7 SYSTEMPATH\Boot.php(67): CodeIgniter\Boot::runCodeIgniter(Object(CodeIgniter\CodeIgniter))
 8 FCPATH\index.php(56): CodeIgniter\Boot::bootWeb(Object(Config\Paths))
 9 SYSTEMPATH\Commands\Server\rewrite.php(49): require_once('C:\\xampp\\htdocs\\WebCoaching\\public\\index.php')
CRITICAL - 2024-05-08 04:22:38 --> ParseError: syntax error, unexpected variable "$data"
[Method: GET, Route: coaching]
in APPPATH\Controllers\Coaching.php on line 15.
 1 VENDORPATH\composer\ClassLoader.php(427): Composer\Autoload\{closure}('C:\\xampp\\htdocs\\WebCoaching\\vendor\\composer/../../app\\Controllers\\Coaching.php')
 2 [internal function]: Composer\Autoload\ClassLoader->loadClass('App\\Controllers\\Coaching')
 3 SYSTEMPATH\CodeIgniter.php(887): class_exists('\\App\\Controllers\\Coaching', true)
 4 SYSTEMPATH\CodeIgniter.php(496): CodeIgniter\CodeIgniter->startController()
 5 SYSTEMPATH\CodeIgniter.php(355): CodeIgniter\CodeIgniter->handleRequest(null, Object(Config\Cache), false)
 6 SYSTEMPATH\Boot.php(312): CodeIgniter\CodeIgniter->run()
 7 SYSTEMPATH\Boot.php(67): CodeIgniter\Boot::runCodeIgniter(Object(CodeIgniter\CodeIgniter))
 8 FCPATH\index.php(56): CodeIgniter\Boot::bootWeb(Object(Config\Paths))
 9 SYSTEMPATH\Commands\Server\rewrite.php(49): require_once('C:\\xampp\\htdocs\\WebCoaching\\public\\index.php')
CRITICAL - 2024-05-08 04:23:58 --> ErrorException: Array to string conversion
[Method: GET, Route: coaching]
in APPPATH\Controllers\Coaching.php on line 15.
 1 APPPATH\Controllers\Coaching.php(15): CodeIgniter\Debug\Exceptions->errorHandler(2, 'Array to string conversion', 'C:\\xampp\\htdocs\\WebCoaching\\app\\Controllers\\Coaching.php', 15)
 2 SYSTEMPATH\CodeIgniter.php(933): App\Controllers\Coaching->index()
 3 SYSTEMPATH\CodeIgniter.php(509): CodeIgniter\CodeIgniter->runController(Object(App\Controllers\Coaching))
 4 SYSTEMPATH\CodeIgniter.php(355): CodeIgniter\CodeIgniter->handleRequest(null, Object(Config\Cache), false)
 5 SYSTEMPATH\Boot.php(312): CodeIgniter\CodeIgniter->run()
 6 SYSTEMPATH\Boot.php(67): CodeIgniter\Boot::runCodeIgniter(Object(CodeIgniter\CodeIgniter))
 7 FCPATH\index.php(56): CodeIgniter\Boot::bootWeb(Object(Config\Paths))
 8 SYSTEMPATH\Commands\Server\rewrite.php(49): require_once('C:\\xampp\\htdocs\\WebCoaching\\public\\index.php')
CRITICAL - 2024-05-08 04:31:11 --> ErrorException: Undefined variable $message
[Method: GET, Route: coaching]
in APPPATH\Views\static\coaching.php on line 18.
 1 APPPATH\Views\static\coaching.php(18): CodeIgniter\Debug\Exceptions->errorHandler(2, 'Undefined variable $message', 'C:\\xampp\\htdocs\\WebCoaching\\app\\Views\\static\\coaching.php', 18)
 2 SYSTEMPATH\View\View.php(234): include('C:\\xampp\\htdocs\\WebCoaching\\app\\Views\\static\\coaching.php')
 3 SYSTEMPATH\View\View.php(237): CodeIgniter\View\View->CodeIgniter\View\{closure}()
 4 SYSTEMPATH\Common.php(1171): CodeIgniter\View\View->render('static/coaching', [], true)
 5 APPPATH\Controllers\Coaching.php(14): view('static/coaching', [...])
 6 SYSTEMPATH\CodeIgniter.php(933): App\Controllers\Coaching->index()
 7 SYSTEMPATH\CodeIgniter.php(509): CodeIgniter\CodeIgniter->runController(Object(App\Controllers\Coaching))
 8 SYSTEMPATH\CodeIgniter.php(355): CodeIgniter\CodeIgniter->handleRequest(null, Object(Config\Cache), false)
 9 SYSTEMPATH\Boot.php(312): CodeIgniter\CodeIgniter->run()
10 SYSTEMPATH\Boot.php(67): CodeIgniter\Boot::runCodeIgniter(Object(CodeIgniter\CodeIgniter))
11 FCPATH\index.php(56): CodeIgniter\Boot::bootWeb(Object(Config\Paths))
12 SYSTEMPATH\Commands\Server\rewrite.php(49): require_once('C:\\xampp\\htdocs\\WebCoaching\\public\\index.php')
CRITICAL - 2024-05-08 04:32:52 --> ErrorException: Undefined variable $coaching
[Method: POST, Route: addschedule]
in APPPATH\Views\static\coaching.php on line 41.
 1 APPPATH\Views\static\coaching.php(41): CodeIgniter\Debug\Exceptions->errorHandler(2, 'Undefined variable $coaching', 'C:\\xampp\\htdocs\\WebCoaching\\app\\Views\\static\\coaching.php', 41)
 2 SYSTEMPATH\View\View.php(234): include('C:\\xampp\\htdocs\\WebCoaching\\app\\Views\\static\\coaching.php')
 3 SYSTEMPATH\View\View.php(237): CodeIgniter\View\View->CodeIgniter\View\{closure}()
 4 SYSTEMPATH\Common.php(1171): CodeIgniter\View\View->render('static/coaching', [], true)
 5 APPPATH\Controllers\Coaching.php(36): view('static/coaching', [...])
 6 SYSTEMPATH\CodeIgniter.php(933): App\Controllers\Coaching->create()
 7 SYSTEMPATH\CodeIgniter.php(509): CodeIgniter\CodeIgniter->runController(Object(App\Controllers\Coaching))
 8 SYSTEMPATH\CodeIgniter.php(355): CodeIgniter\CodeIgniter->handleRequest(null, Object(Config\Cache), false)
 9 SYSTEMPATH\Boot.php(312): CodeIgniter\CodeIgniter->run()
10 SYSTEMPATH\Boot.php(67): CodeIgniter\Boot::runCodeIgniter(Object(CodeIgniter\CodeIgniter))
11 FCPATH\index.php(56): CodeIgniter\Boot::bootWeb(Object(Config\Paths))
12 SYSTEMPATH\Commands\Server\rewrite.php(49): require_once('C:\\xampp\\htdocs\\WebCoaching\\public\\index.php')
CRITICAL - 2024-05-08 04:33:56 --> ErrorException: Undefined variable $coaching
[Method: POST, Route: addschedule]
in APPPATH\Views\static\coaching.php on line 17.
 1 APPPATH\Views\static\coaching.php(17): CodeIgniter\Debug\Exceptions->errorHandler(2, 'Undefined variable $coaching', 'C:\\xampp\\htdocs\\WebCoaching\\app\\Views\\static\\coaching.php', 17)
 2 SYSTEMPATH\View\View.php(234): include('C:\\xampp\\htdocs\\WebCoaching\\app\\Views\\static\\coaching.php')
 3 SYSTEMPATH\View\View.php(237): CodeIgniter\View\View->CodeIgniter\View\{closure}()
 4 SYSTEMPATH\Common.php(1171): CodeIgniter\View\View->render('static/coaching', [], true)
 5 APPPATH\Controllers\Coaching.php(36): view('static/coaching', [...])
 6 SYSTEMPATH\CodeIgniter.php(933): App\Controllers\Coaching->create()
 7 SYSTEMPATH\CodeIgniter.php(509): CodeIgniter\CodeIgniter->runController(Object(App\Controllers\Coaching))
 8 SYSTEMPATH\CodeIgniter.php(355): CodeIgniter\CodeIgniter->handleRequest(null, Object(Config\Cache), false)
 9 SYSTEMPATH\Boot.php(312): CodeIgniter\CodeIgniter->run()
10 SYSTEMPATH\Boot.php(67): CodeIgniter\Boot::runCodeIgniter(Object(CodeIgniter\CodeIgniter))
11 FCPATH\index.php(56): CodeIgniter\Boot::bootWeb(Object(Config\Paths))
12 SYSTEMPATH\Commands\Server\rewrite.php(49): require_once('C:\\xampp\\htdocs\\WebCoaching\\public\\index.php')
ERROR - 2024-05-08 04:34:03 --> mysqli_sql_exception: Column 'nama' cannot be null in C:\xampp\htdocs\WebCoaching\vendor\codeigniter4\framework\system\Database\MySQLi\Connection.php:308
Stack trace:
#0 C:\xampp\htdocs\WebCoaching\vendor\codeigniter4\framework\system\Database\MySQLi\Connection.php(308): mysqli->query('INSERT INTO `sc...', 0)
#1 C:\xampp\htdocs\WebCoaching\vendor\codeigniter4\framework\system\Database\BaseConnection.php(722): CodeIgniter\Database\MySQLi\Connection->execute('INSERT INTO `sc...')
#2 C:\xampp\htdocs\WebCoaching\vendor\codeigniter4\framework\system\Database\BaseConnection.php(636): CodeIgniter\Database\BaseConnection->simpleQuery('INSERT INTO `sc...')
#3 C:\xampp\htdocs\WebCoaching\vendor\codeigniter4\framework\system\Database\BaseBuilder.php(2325): CodeIgniter\Database\BaseConnection->query('INSERT INTO `sc...', Array, false)
#4 C:\xampp\htdocs\WebCoaching\vendor\codeigniter4\framework\system\Model.php(383): CodeIgniter\Database\BaseBuilder->insert()
#5 C:\xampp\htdocs\WebCoaching\vendor\codeigniter4\framework\system\BaseModel.php(840): CodeIgniter\Model->doInsert(Array)
#6 C:\xampp\htdocs\WebCoaching\vendor\codeigniter4\framework\system\Model.php(791): CodeIgniter\BaseModel->insert(Array, true)
#7 C:\xampp\htdocs\WebCoaching\app\Controllers\Coaching.php(23): CodeIgniter\Model->insert(Array)
#8 C:\xampp\htdocs\WebCoaching\vendor\codeigniter4\framework\system\CodeIgniter.php(933): App\Controllers\Coaching->create()
#9 C:\xampp\htdocs\WebCoaching\vendor\codeigniter4\framework\system\CodeIgniter.php(509): CodeIgniter\CodeIgniter->runController(Object(App\Controllers\Coaching))
#10 C:\xampp\htdocs\WebCoaching\vendor\codeigniter4\framework\system\CodeIgniter.php(355): CodeIgniter\CodeIgniter->handleRequest(NULL, Object(Config\Cache), false)
#11 C:\xampp\htdocs\WebCoaching\vendor\codeigniter4\framework\system\Boot.php(312): CodeIgniter\CodeIgniter->run()
#12 C:\xampp\htdocs\WebCoaching\vendor\codeigniter4\framework\system\Boot.php(67): CodeIgniter\Boot::runCodeIgniter(Object(CodeIgniter\CodeIgniter))
#13 C:\xampp\htdocs\WebCoaching\public\index.php(56): CodeIgniter\Boot::bootWeb(Object(Config\Paths))
#14 C:\xampp\htdocs\WebCoaching\vendor\codeigniter4\framework\system\Commands\Server\rewrite.php(49): require_once('C:\\xampp\\htdocs...')
#15 {main}
CRITICAL - 2024-05-08 04:34:03 --> CodeIgniter\Database\Exceptions\DatabaseException: Column 'nama' cannot be null
[Method: GET, Route: addschedule]
in SYSTEMPATH\Database\BaseConnection.php on line 676.
 1 SYSTEMPATH\Database\BaseBuilder.php(2325): CodeIgniter\Database\BaseConnection->query('INSERT INTO `schedule` (`nama`, `email`, `jam`, `tanggal`, `nama_coach`, `keterangan_coach`) VALUES (:nama:, :email:, :jam:, :tanggal:, :nama_coach:, :keterangan_coach:)', [...], false)
 2 SYSTEMPATH\Model.php(383): CodeIgniter\Database\BaseBuilder->insert()
 3 SYSTEMPATH\BaseModel.php(840): CodeIgniter\Model->doInsert([...])
 4 SYSTEMPATH\Model.php(791): CodeIgniter\BaseModel->insert([...], true)
 5 APPPATH\Controllers\Coaching.php(23): CodeIgniter\Model->insert([...])
 6 SYSTEMPATH\CodeIgniter.php(933): App\Controllers\Coaching->create()
 7 SYSTEMPATH\CodeIgniter.php(509): CodeIgniter\CodeIgniter->runController(Object(App\Controllers\Coaching))
 8 SYSTEMPATH\CodeIgniter.php(355): CodeIgniter\CodeIgniter->handleRequest(null, Object(Config\Cache), false)
 9 SYSTEMPATH\Boot.php(312): CodeIgniter\CodeIgniter->run()
10 SYSTEMPATH\Boot.php(67): CodeIgniter\Boot::runCodeIgniter(Object(CodeIgniter\CodeIgniter))
11 FCPATH\index.php(56): CodeIgniter\Boot::bootWeb(Object(Config\Paths))
12 SYSTEMPATH\Commands\Server\rewrite.php(49): require_once('C:\\xampp\\htdocs\\WebCoaching\\public\\index.php')
CRITICAL - 2024-05-08 04:34:03 --> [Caused by] CodeIgniter\Database\Exceptions\DatabaseException: Column 'nama' cannot be null
in SYSTEMPATH\Database\MySQLi\Connection.php on line 313.
 1 SYSTEMPATH\Database\BaseConnection.php(722): CodeIgniter\Database\MySQLi\Connection->execute('INSERT INTO `schedule` (`nama`, `email`, `jam`, `tanggal`, `nama_coach`, `keterangan_coach`) VALUES (NULL, NULL, NULL, NULL, NULL, NULL)')
 2 SYSTEMPATH\Database\BaseConnection.php(636): CodeIgniter\Database\BaseConnection->simpleQuery('INSERT INTO `schedule` (`nama`, `email`, `jam`, `tanggal`, `nama_coach`, `keterangan_coach`) VALUES (NULL, NULL, NULL, NULL, NULL, NULL)')
 3 SYSTEMPATH\Database\BaseBuilder.php(2325): CodeIgniter\Database\BaseConnection->query('INSERT INTO `schedule` (`nama`, `email`, `jam`, `tanggal`, `nama_coach`, `keterangan_coach`) VALUES (:nama:, :email:, :jam:, :tanggal:, :nama_coach:, :keterangan_coach:)', [...], false)
 4 SYSTEMPATH\Model.php(383): CodeIgniter\Database\BaseBuilder->insert()
 5 SYSTEMPATH\BaseModel.php(840): CodeIgniter\Model->doInsert([...])
 6 SYSTEMPATH\Model.php(791): CodeIgniter\BaseModel->insert([...], true)
 7 APPPATH\Controllers\Coaching.php(23): CodeIgniter\Model->insert([...])
 8 SYSTEMPATH\CodeIgniter.php(933): App\Controllers\Coaching->create()
 9 SYSTEMPATH\CodeIgniter.php(509): CodeIgniter\CodeIgniter->runController(Object(App\Controllers\Coaching))
10 SYSTEMPATH\CodeIgniter.php(355): CodeIgniter\CodeIgniter->handleRequest(null, Object(Config\Cache), false)
11 SYSTEMPATH\Boot.php(312): CodeIgniter\CodeIgniter->run()
12 SYSTEMPATH\Boot.php(67): CodeIgniter\Boot::runCodeIgniter(Object(CodeIgniter\CodeIgniter))
13 FCPATH\index.php(56): CodeIgniter\Boot::bootWeb(Object(Config\Paths))
14 SYSTEMPATH\Commands\Server\rewrite.php(49): require_once('C:\\xampp\\htdocs\\WebCoaching\\public\\index.php')
CRITICAL - 2024-05-08 04:34:03 --> [Caused by] mysqli_sql_exception: Column 'nama' cannot be null
in SYSTEMPATH\Database\MySQLi\Connection.php on line 308.
 1 SYSTEMPATH\Database\MySQLi\Connection.php(308): mysqli->query('INSERT INTO `schedule` (`nama`, `email`, `jam`, `tanggal`, `nama_coach`, `keterangan_coach`) VALUES (NULL, NULL, NULL, NULL, NULL, NULL)', 0)
 2 SYSTEMPATH\Database\BaseConnection.php(722): CodeIgniter\Database\MySQLi\Connection->execute('INSERT INTO `schedule` (`nama`, `email`, `jam`, `tanggal`, `nama_coach`, `keterangan_coach`) VALUES (NULL, NULL, NULL, NULL, NULL, NULL)')
 3 SYSTEMPATH\Database\BaseConnection.php(636): CodeIgniter\Database\BaseConnection->simpleQuery('INSERT INTO `schedule` (`nama`, `email`, `jam`, `tanggal`, `nama_coach`, `keterangan_coach`) VALUES (NULL, NULL, NULL, NULL, NULL, NULL)')
 4 SYSTEMPATH\Database\BaseBuilder.php(2325): CodeIgniter\Database\BaseConnection->query('INSERT INTO `schedule` (`nama`, `email`, `jam`, `tanggal`, `nama_coach`, `keterangan_coach`) VALUES (:nama:, :email:, :jam:, :tanggal:, :nama_coach:, :keterangan_coach:)', [...], false)
 5 SYSTEMPATH\Model.php(383): CodeIgniter\Database\BaseBuilder->insert()
 6 SYSTEMPATH\BaseModel.php(840): CodeIgniter\Model->doInsert([...])
 7 SYSTEMPATH\Model.php(791): CodeIgniter\BaseModel->insert([...], true)
 8 APPPATH\Controllers\Coaching.php(23): CodeIgniter\Model->insert([...])
 9 SYSTEMPATH\CodeIgniter.php(933): App\Controllers\Coaching->create()
10 SYSTEMPATH\CodeIgniter.php(509): CodeIgniter\CodeIgniter->runController(Object(App\Controllers\Coaching))
11 SYSTEMPATH\CodeIgniter.php(355): CodeIgniter\CodeIgniter->handleRequest(null, Object(Config\Cache), false)
12 SYSTEMPATH\Boot.php(312): CodeIgniter\CodeIgniter->run()
13 SYSTEMPATH\Boot.php(67): CodeIgniter\Boot::runCodeIgniter(Object(CodeIgniter\CodeIgniter))
14 FCPATH\index.php(56): CodeIgniter\Boot::bootWeb(Object(Config\Paths))
15 SYSTEMPATH\Commands\Server\rewrite.php(49): require_once('C:\\xampp\\htdocs\\WebCoaching\\public\\index.php')
CRITICAL - 2024-05-08 04:34:47 --> ErrorException: Undefined variable $coaching
[Method: POST, Route: addschedule]
in APPPATH\Views\static\coaching.php on line 17.
 1 APPPATH\Views\static\coaching.php(17): CodeIgniter\Debug\Exceptions->errorHandler(2, 'Undefined variable $coaching', 'C:\\xampp\\htdocs\\WebCoaching\\app\\Views\\static\\coaching.php', 17)
 2 SYSTEMPATH\View\View.php(234): include('C:\\xampp\\htdocs\\WebCoaching\\app\\Views\\static\\coaching.php')
 3 SYSTEMPATH\View\View.php(237): CodeIgniter\View\View->CodeIgniter\View\{closure}()
 4 SYSTEMPATH\Common.php(1171): CodeIgniter\View\View->render('static/coaching', [], true)
 5 APPPATH\Controllers\Coaching.php(36): view('static/coaching', [...])
 6 SYSTEMPATH\CodeIgniter.php(933): App\Controllers\Coaching->create()
 7 SYSTEMPATH\CodeIgniter.php(509): CodeIgniter\CodeIgniter->runController(Object(App\Controllers\Coaching))
 8 SYSTEMPATH\CodeIgniter.php(355): CodeIgniter\CodeIgniter->handleRequest(null, Object(Config\Cache), false)
 9 SYSTEMPATH\Boot.php(312): CodeIgniter\CodeIgniter->run()
10 SYSTEMPATH\Boot.php(67): CodeIgniter\Boot::runCodeIgniter(Object(CodeIgniter\CodeIgniter))
11 FCPATH\index.php(56): CodeIgniter\Boot::bootWeb(Object(Config\Paths))
12 SYSTEMPATH\Commands\Server\rewrite.php(49): require_once('C:\\xampp\\htdocs\\WebCoaching\\public\\index.php')
CRITICAL - 2024-05-08 04:51:27 --> CodeIgniter\View\Exceptions\ViewException: Invalid file: "static/add_schedule.php"
[Method: GET, Route: schedule]
in SYSTEMPATH\Exceptions\FrameworkException.php on line 41.
 1 SYSTEMPATH\View\View.php(222): CodeIgniter\Exceptions\FrameworkException::forInvalidFile('static/add_schedule.php')
 2 SYSTEMPATH\Common.php(1171): CodeIgniter\View\View->render('static/add_schedule', [], true)
 3 APPPATH\Controllers\About.php(48): view('static/add_schedule')
 4 SYSTEMPATH\CodeIgniter.php(933): App\Controllers\About->plus()
 5 SYSTEMPATH\CodeIgniter.php(509): CodeIgniter\CodeIgniter->runController(Object(App\Controllers\About))
 6 SYSTEMPATH\CodeIgniter.php(355): CodeIgniter\CodeIgniter->handleRequest(null, Object(Config\Cache), false)
 7 SYSTEMPATH\Boot.php(312): CodeIgniter\CodeIgniter->run()
 8 SYSTEMPATH\Boot.php(67): CodeIgniter\Boot::runCodeIgniter(Object(CodeIgniter\CodeIgniter))
 9 FCPATH\index.php(56): CodeIgniter\Boot::bootWeb(Object(Config\Paths))
10 SYSTEMPATH\Commands\Server\rewrite.php(49): require_once('C:\\xampp\\htdocs\\WebCoaching\\public\\index.php')
